2024-06-07T14:54:54  style: formatting
2024-07-09T09:11:01  chore: bump dev tooling
2024-08-10T16:28:08  docs: expand examples
2024-08-19T11:45:15  test: strengthen coverage
2024-09-20T18:02:22  chore: tune defaults
2024-10-23T13:19:29  refactor: simplify helper
2024-11-07T08:36:36  chore: routine maintenance
2024-12-10T15:53:43  docs: clarify usage notes
2024-12-18T10:10:50  test: add edge case
2025-01-20T17:27:57  refactor: tidy internals
2025-02-21T12:44:04  fix: handle empty input gracefully
2025-03-02T19:01:11  perf: micro-optimization
2025-04-10T14:18:18  style: formatting
2025-04-19T09:35:25  chore: bump dev tooling
2025-05-21T16:52:32  docs: expand examples
2025-06-23T11:09:39  test: strengthen coverage
2025-07-01T18:26:46  chore: tune defaults
2025-08-09T13:43:53  refactor: simplify helper
2025-08-18T08:00:00  chore: routine maintenance
2025-09-19T15:17:07  docs: clarify usage notes
2025-10-22T10:34:14  test: add edge case
2025-10-30T17:51:21  refactor: tidy internals
2025-12-02T12:08:28  fix: handle empty input gracefully
2025-12-17T19:25:35  perf: micro-optimization
2026-01-19T14:42:42  style: formatting
2026-02-20T09:59:49  chore: bump dev tooling
2026-03-01T16:16:56  docs: expand examples
